[  4667.097] (WW) Failed to open protocol names file lib/xorg/protocol.txt
[  4667.099] 
X.Org X Server 1.20.11
X Protocol Version 11, Revision 0
[  4667.101] Build Operating System: Linux Archlinux
[  4667.102] Current Operating System: Linux anAarchy 5.12.11-arch1-1 #1 SMP PREEMPT Wed, 16 Jun 2021 15:25:28 +0000 x86_64
[  4667.102] Kernel command line: BOOT_IMAGE=/boot/vmlinuz-linux root=UUID=5f3178db-79cb-4737-9d47-9b021e50e438 rw loglevel=3 quiet
[  4667.103] Build Date: 13 April 2021  03:12:10PM
[  4667.104]  
[  4667.105] Current version of pixman: 0.40.0
[  4667.107] 	Before reporting problems, check http://wiki.x.org
	to make sure that you have the latest version.
[  4667.107] Markers: (--) probed, (**) from config file, (==) default setting,
	(++) from command line, (!!) notice, (II) informational,
	(WW) warning, (EE) error, (NI) not implemented, (??) unknown.
[  4667.109] (==) Log file: "/home/peniswaffle/.local/share/xorg/Xorg.1.log", Time: Sat Jun 19 13:08:27 2021
[  4667.118] (==) Using system config directory "/usr/share/X11/xorg.conf.d"
[  4667.120] (==) No Layout section.  Using the first Screen section.
[  4667.120] (==) No screen section available. Using defaults.
[  4667.120] (**) |-->Screen "Default Screen Section" (0)
[  4667.120] (**) |   |-->Monitor "<default monitor>"
[  4667.120] (==) No monitor specified for screen "Default Screen Section".
	Using a default monitor configuration.
[  4667.120] (==) Automatically adding devices
[  4667.120] (==) Automatically enabling devices
[  4667.120] (==) Automatically adding GPU devices
[  4667.120] (==) Automatically binding GPU devices
[  4667.123] (==) Max clients allowed: 256, resource mask: 0x1fffff
[  4667.124] (WW) The directory "/usr/share/fonts/misc" does not exist.
[  4667.124] 	Entry deleted from font path.
[  4667.124] (WW) The directory "/usr/share/fonts/TTF" does not exist.
[  4667.124] 	Entry deleted from font path.
[  4667.124] (WW) The directory "/usr/share/fonts/OTF" does not exist.
[  4667.124] 	Entry deleted from font path.
[  4667.124] (WW) The directory "/usr/share/fonts/Type1" does not exist.
[  4667.124] 	Entry deleted from font path.
[  4667.130] (==) FontPath set to:
	/usr/share/fonts/100dpi,
	/usr/share/fonts/75dpi
[  4667.130] (==) ModulePath set to "/usr/lib/xorg/modules"
[  4667.130] (II) The server relies on udev to provide the list of input devices.
	If no devices become available, reconfigure udev or disable AutoAddDevices.
[  4667.130] (II) Module ABI versions:
[  4667.130] 	X.Org ANSI C Emulation: 0.4
[  4667.130] 	X.Org Video Driver: 24.1
[  4667.130] 	X.Org XInput driver : 24.1
[  4667.130] 	X.Org Server Extension : 10.0
[  4667.133] (II) systemd-logind: took control of session /org/freedesktop/login1/session/_31
[  4667.134] (II) xfree86: Adding drm device (/dev/dri/card0)
[  4667.135] (II) systemd-logind: got fd for /dev/dri/card0 226:0 fd 10 paused 0
[  4667.138] (--) PCI:*(0@0:2:0) 15ad:0405:15ad:0405 rev 0, Mem @ 0xe0000000/16777216, 0xf0000000/2097152, I/O @ 0x0000d010/16, BIOS @ 0x????????/131072
[  4667.138] (WW) Open ACPI failed (/var/run/acpid.socket) (No such file or directory)
[  4667.138] (II) LoadModule: "glx"
[  4667.142] (II) Loading /usr/lib/xorg/modules/extensions/libglx.so
[  4667.151] (II) Module glx: vendor="X.Org Foundation"
[  4667.152] 	compiled for 1.20.11, module version = 1.0.0
[  4667.152] 	ABI class: X.Org Server Extension, version 10.0
[  4667.152] (==) Matched vmware as autoconfigured driver 0
[  4667.152] (==) Matched modesetting as autoconfigured driver 1
[  4667.152] (==) Matched fbdev as autoconfigured driver 2
[  4667.152] (==) Matched vesa as autoconfigured driver 3
[  4667.152] (==) Assigned the driver to the xf86ConfigLayout
[  4667.152] (II) LoadModule: "vmware"
[  4667.153] (II) Loading /usr/lib/xorg/modules/drivers/vmware_drv.so
[  4667.803] (II) Module vmware: vendor="X.Org Foundation"
[  4667.803] 	compiled for 1.20.8, module version = 13.3.0
[  4667.803] 	Module class: X.Org Video Driver
[  4667.803] 	ABI class: X.Org Video Driver, version 24.1
[  4667.803] (II) LoadModule: "modesetting"
[  4667.803] (II) Loading /usr/lib/xorg/modules/drivers/modesetting_drv.so
[  4667.815] (II) Module modesetting: vendor="X.Org Foundation"
[  4667.815] 	compiled for 1.20.11, module version = 1.20.11
[  4667.815] 	Module class: X.Org Video Driver
[  4667.815] 	ABI class: X.Org Video Driver, version 24.1
[  4667.815] (II) LoadModule: "fbdev"
[  4667.815] (II) Loading /usr/lib/xorg/modules/drivers/fbdev_drv.so
[  4667.818] (II) Module fbdev: vendor="X.Org Foundation"
[  4667.818] 	compiled for 1.20.8, module version = 0.5.0
[  4667.818] 	Module class: X.Org Video Driver
[  4667.818] 	ABI class: X.Org Video Driver, version 24.1
[  4667.818] (II) LoadModule: "vesa"
[  4667.818] (II) Loading /usr/lib/xorg/modules/drivers/vesa_drv.so
[  4667.820] (II) Module vesa: vendor="X.Org Foundation"
[  4667.820] 	compiled for 1.20.9, module version = 2.5.0
[  4667.820] 	Module class: X.Org Video Driver
[  4667.820] 	ABI class: X.Org Video Driver, version 24.1
[  4667.820] (II) vmware: driver for VMware SVGA: vmware0405, vmware0710
[  4667.820] (II) modesetting: Driver for Modesetting Kernel Drivers: kms
[  4667.820] (II) FBDEV: driver for framebuffer: fbdev
[  4667.821] (II) VESA: driver for VESA chipsets: vesa
[  4667.821] (EE) 
Fatal server error:
[  4667.821] (EE) parse_vt_settings: Cannot open /dev/tty0 (Permission denied)
[  4667.821] (EE) 
[  4667.821] (EE) 
Please consult the The X.Org Foundation support 
	 at http://wiki.x.org
 for help. 
[  4667.821] (EE) Please also check the log file at "/home/peniswaffle/.local/share/xorg/Xorg.1.log" for additional information.
[  4667.821] (EE) 
[  4667.821] (WW) xf86CloseConsole: KDSETMODE failed: Bad file descriptor
[  4667.821] (WW) xf86CloseConsole: VT_GETMODE failed: Bad file descriptor
[  4667.823] (EE) Server terminated with error (1). Closing log file.
