[  6803.878] (WW) Failed to open protocol names file lib/xorg/protocol.txt
[  6803.879] 
X.Org X Server 1.20.11
X Protocol Version 11, Revision 0
[  6803.881] Build Operating System: Linux Archlinux
[  6803.882] Current Operating System: Linux anAarchy 5.12.11-arch1-1 #1 SMP PREEMPT Wed, 16 Jun 2021 15:25:28 +0000 x86_64
[  6803.882] Kernel command line: BOOT_IMAGE=/boot/vmlinuz-linux root=UUID=5f3178db-79cb-4737-9d47-9b021e50e438 rw loglevel=3 quiet
[  6803.884] Build Date: 13 April 2021  03:12:10PM
[  6803.885]  
[  6803.885] Current version of pixman: 0.40.0
[  6803.887] 	Before reporting problems, check http://wiki.x.org
	to make sure that you have the latest version.
[  6803.887] Markers: (--) probed, (**) from config file, (==) default setting,
	(++) from command line, (!!) notice, (II) informational,
	(WW) warning, (EE) error, (NI) not implemented, (??) unknown.
[  6803.890] (==) Log file: "/home/peniswaffle/.local/share/xorg/Xorg.0.log", Time: Sun Jun 20 02:30:06 2021
[  6803.891] (==) Using system config directory "/usr/share/X11/xorg.conf.d"
[  6803.891] (==) No Layout section.  Using the first Screen section.
[  6803.891] (==) No screen section available. Using defaults.
[  6803.891] (**) |-->Screen "Default Screen Section" (0)
[  6803.891] (**) |   |-->Monitor "<default monitor>"
[  6803.892] (==) No monitor specified for screen "Default Screen Section".
	Using a default monitor configuration.
[  6803.892] (==) Automatically adding devices
[  6803.892] (==) Automatically enabling devices
[  6803.892] (==) Automatically adding GPU devices
[  6803.892] (==) Automatically binding GPU devices
[  6803.892] (==) Max clients allowed: 256, resource mask: 0x1fffff
[  6803.892] (WW) The directory "/usr/share/fonts/misc" does not exist.
[  6803.892] 	Entry deleted from font path.
[  6803.892] (WW) The directory "/usr/share/fonts/Type1" does not exist.
[  6803.892] 	Entry deleted from font path.
[  6803.892] (==) FontPath set to:
	/usr/share/fonts/TTF,
	/usr/share/fonts/OTF,
	/usr/share/fonts/100dpi,
	/usr/share/fonts/75dpi
[  6803.892] (==) ModulePath set to "/usr/lib/xorg/modules"
[  6803.892] (II) The server relies on udev to provide the list of input devices.
	If no devices become available, reconfigure udev or disable AutoAddDevices.
[  6803.892] (II) Module ABI versions:
[  6803.892] 	X.Org ANSI C Emulation: 0.4
[  6803.892] 	X.Org Video Driver: 24.1
[  6803.892] 	X.Org XInput driver : 24.1
[  6803.892] 	X.Org Server Extension : 10.0
[  6803.893] (++) using VT number 1

[  6803.894] (II) systemd-logind: took control of session /org/freedesktop/login1/session/_31
[  6803.897] (II) xfree86: Adding drm device (/dev/dri/card0)
[  6803.898] (II) systemd-logind: got fd for /dev/dri/card0 226:0 fd 10 paused 0
[  6803.904] (--) PCI:*(0@0:2:0) 15ad:0405:15ad:0405 rev 0, Mem @ 0xe0000000/16777216, 0xf0000000/2097152, I/O @ 0x0000d010/16, BIOS @ 0x????????/131072
[  6803.904] (WW) Open ACPI failed (/var/run/acpid.socket) (No such file or directory)
[  6803.904] (II) LoadModule: "glx"
[  6803.904] (II) Loading /usr/lib/xorg/modules/extensions/libglx.so
[  6803.908] (II) Module glx: vendor="X.Org Foundation"
[  6803.908] 	compiled for 1.20.11, module version = 1.0.0
[  6803.908] 	ABI class: X.Org Server Extension, version 10.0
[  6803.908] (==) Matched vmware as autoconfigured driver 0
[  6803.908] (==) Matched modesetting as autoconfigured driver 1
[  6803.908] (==) Matched fbdev as autoconfigured driver 2
[  6803.908] (==) Matched vesa as autoconfigured driver 3
[  6803.908] (==) Assigned the driver to the xf86ConfigLayout
[  6803.908] (II) LoadModule: "vmware"
[  6803.908] (II) Loading /usr/lib/xorg/modules/drivers/vmware_drv.so
[  6803.934] (II) Module vmware: vendor="X.Org Foundation"
[  6803.934] 	compiled for 1.20.8, module version = 13.3.0
[  6803.934] 	Module class: X.Org Video Driver
[  6803.934] 	ABI class: X.Org Video Driver, version 24.1
[  6803.934] (II) LoadModule: "modesetting"
[  6803.935] (II) Loading /usr/lib/xorg/modules/drivers/modesetting_drv.so
[  6803.935] (II) Module modesetting: vendor="X.Org Foundation"
[  6803.935] 	compiled for 1.20.11, module version = 1.20.11
[  6803.935] 	Module class: X.Org Video Driver
[  6803.935] 	ABI class: X.Org Video Driver, version 24.1
[  6803.935] (II) LoadModule: "fbdev"
[  6803.935] (II) Loading /usr/lib/xorg/modules/drivers/fbdev_drv.so
[  6803.936] (II) Module fbdev: vendor="X.Org Foundation"
[  6803.936] 	compiled for 1.20.8, module version = 0.5.0
[  6803.936] 	Module class: X.Org Video Driver
[  6803.936] 	ABI class: X.Org Video Driver, version 24.1
[  6803.936] (II) LoadModule: "vesa"
[  6803.936] (II) Loading /usr/lib/xorg/modules/drivers/vesa_drv.so
[  6803.936] (II) Module vesa: vendor="X.Org Foundation"
[  6803.936] 	compiled for 1.20.9, module version = 2.5.0
[  6803.936] 	Module class: X.Org Video Driver
[  6803.936] 	ABI class: X.Org Video Driver, version 24.1
[  6803.936] (II) vmware: driver for VMware SVGA: vmware0405, vmware0710
[  6803.936] (II) modesetting: Driver for Modesetting Kernel Drivers: kms
[  6803.936] (II) FBDEV: driver for framebuffer: fbdev
[  6803.936] (II) VESA: driver for VESA chipsets: vesa
[  6803.936] xf86EnableIOPorts: failed to set IOPL for I/O (Operation not permitted)
[  6803.936] (WW) Falling back to old probe method for modesetting
[  6803.936] (WW) Falling back to old probe method for fbdev
[  6803.936] (II) Loading sub module "fbdevhw"
[  6803.936] (II) LoadModule: "fbdevhw"
[  6803.937] (II) Loading /usr/lib/xorg/modules/libfbdevhw.so
[  6803.937] (II) Module fbdevhw: vendor="X.Org Foundation"
[  6803.937] 	compiled for 1.20.11, module version = 0.0.2
[  6803.937] 	ABI class: X.Org Video Driver, version 24.1
[  6803.937] (EE) open /dev/fb0: Permission denied
[  6803.937] (WW) VGA arbiter: cannot open kernel arbiter, no multi-card support
[  6803.937] (II) vmware(0): Creating default Display subsection in Screen section
	"Default Screen Section" for depth/fbbpp 24/32
[  6803.937] (--) vmware(0): DRM driver version is 2.18.0
[  6803.937] (==) vmware(0): Depth 24, (--) framebuffer bpp 32
[  6803.937] (==) vmware(0): RGB weight 888
[  6803.937] (==) vmware(0): Default visual is TrueColor
[  6803.937] (--) vmware(0): Min width 1, Max Width 8192.
[  6803.937] (--) vmware(0): Min height 1, Max Height 8192.
[  6803.937] (II) vmware(0): Output Virtual1 has no monitor section
[  6803.937] (II) vmware(0): Output Virtual2 has no monitor section
[  6803.937] (II) vmware(0): Output Virtual3 has no monitor section
[  6803.937] (II) vmware(0): Output Virtual4 has no monitor section
[  6803.937] (II) vmware(0): Output Virtual5 has no monitor section
[  6803.937] (II) vmware(0): Output Virtual6 has no monitor section
[  6803.937] (II) vmware(0): Output Virtual7 has no monitor section
[  6803.937] (II) vmware(0): Output Virtual8 has no monitor section
[  6803.938] (II) vmware(0): Printing probed modes for output Virtual1
[  6803.938] (II) vmware(0): Modeline "1440x900"x60.0  100.17  1440 1490 1540 1590  900 950 1000 1050 -hsync +vsync (63.0 kHz eP)
[  6803.938] (II) vmware(0): Modeline "2560x1600"x60.0  348.50  2560 2752 3032 3504  1600 1603 1609 1658 -hsync +vsync (99.5 kHz e)
[  6803.938] (II) vmware(0): Modeline "1920x1440"x60.0  234.00  1920 2048 2256 2600  1440 1441 1444 1500 -hsync +vsync (90.0 kHz e)
[  6803.938] (II) vmware(0): Modeline "1856x1392"x60.0  218.25  1856 1952 2176 2528  1392 1393 1396 1439 -hsync +vsync (86.3 kHz e)
[  6803.938] (II) vmware(0): Modeline "1792x1344"x60.0  204.75  1792 1920 2120 2448  1344 1345 1348 1394 -hsync +vsync (83.6 kHz e)
[  6803.938] (II) vmware(0): Modeline "1920x1200"x59.9  193.25  1920 2056 2256 2592  1200 1203 1209 1245 -hsync +vsync (74.6 kHz e)
[  6803.938] (II) vmware(0): Modeline "1600x1200"x60.0  162.00  1600 1664 1856 2160  1200 1201 1204 1250 +hsync +vsync (75.0 kHz e)
[  6803.938] (II) vmware(0): Modeline "1680x1050"x60.0  146.25  1680 1784 1960 2240  1050 1053 1059 1089 -hsync +vsync (65.3 kHz e)
[  6803.938] (II) vmware(0): Modeline "1400x1050"x60.0  121.75  1400 1488 1632 1864  1050 1053 1057 1089 -hsync +vsync (65.3 kHz e)
[  6803.938] (II) vmware(0): Modeline "1280x1024"x60.0  108.00  1280 1328 1440 1688  1024 1025 1028 1066 +hsync +vsync (64.0 kHz e)
[  6803.938] (II) vmware(0): Modeline "1440x900"x59.9  106.50  1440 1520 1672 1904  900 903 909 934 -hsync +vsync (55.9 kHz e)
[  6803.938] (II) vmware(0): Modeline "1280x960"x60.0  108.00  1280 1376 1488 1800  960 961 964 1000 +hsync +vsync (60.0 kHz e)
[  6803.938] (II) vmware(0): Modeline "1360x768"x60.0   85.50  1360 1424 1536 1792  768 771 777 795 +hsync +vsync (47.7 kHz e)
[  6803.938] (II) vmware(0): Modeline "1280x800"x59.8   83.50  1280 1352 1480 1680  800 803 809 831 +hsync -vsync (49.7 kHz e)
[  6803.938] (II) vmware(0): Modeline "1152x864"x75.0  108.00  1152 1216 1344 1600  864 865 868 900 +hsync +vsync (67.5 kHz e)
[  6803.938] (II) vmware(0): Modeline "1280x768"x59.9   79.50  1280 1344 1472 1664  768 771 778 798 -hsync +vsync (47.8 kHz e)
[  6803.938] (II) vmware(0): Modeline "1024x768"x60.0   65.00  1024 1048 1184 1344  768 771 777 806 -hsync -vsync (48.4 kHz e)
[  6803.938] (II) vmware(0): Modeline "800x600"x60.3   40.00  800 840 968 1056  600 601 605 628 +hsync +vsync (37.9 kHz e)
[  6803.938] (II) vmware(0): Modeline "640x480"x59.9   25.18  640 656 752 800  480 489 492 525 -hsync -vsync (31.5 kHz e)
[  6803.938] (II) vmware(0): EDID for output Virtual2
[  6803.938] (II) vmware(0): EDID for output Virtual3
[  6803.938] (II) vmware(0): EDID for output Virtual4
[  6803.938] (II) vmware(0): EDID for output Virtual5
[  6803.938] (II) vmware(0): EDID for output Virtual6
[  6803.938] (II) vmware(0): EDID for output Virtual7
[  6803.938] (II) vmware(0): EDID for output Virtual8
[  6803.938] (II) vmware(0): Output Virtual1 connected
[  6803.938] (II) vmware(0): Output Virtual2 disconnected
[  6803.938] (II) vmware(0): Output Virtual3 disconnected
[  6803.938] (II) vmware(0): Output Virtual4 disconnected
[  6803.938] (II) vmware(0): Output Virtual5 disconnected
[  6803.938] (II) vmware(0): Output Virtual6 disconnected
[  6803.938] (II) vmware(0): Output Virtual7 disconnected
[  6803.938] (II) vmware(0): Output Virtual8 disconnected
[  6803.938] (II) vmware(0): Using exact sizes for initial modes
[  6803.938] (II) vmware(0): Output Virtual1 using initial mode 1440x900 +0+0
[  6803.938] (==) vmware(0): DPI set to (96, 96)
[  6803.938] (==) vmware(0): Using gamma correction (1.0, 1.0, 1.0)
[  6803.938] (II) Loading sub module "fb"
[  6803.938] (II) LoadModule: "fb"
[  6803.938] (II) Loading /usr/lib/xorg/modules/libfb.so
[  6803.939] (II) Module fb: vendor="X.Org Foundation"
[  6803.939] 	compiled for 1.20.11, module version = 1.0.0
[  6803.939] 	ABI class: X.Org ANSI C Emulation, version 0.4
[  6803.939] (II) Loading sub module "dri2"
[  6803.939] (II) LoadModule: "dri2"
[  6803.939] (II) Module "dri2" already built-in
[  6803.939] (II) Loading sub module "dri3"
[  6803.939] (II) LoadModule: "dri3"
[  6803.939] (II) Module "dri3" already built-in
[  6803.939] (II) UnloadModule: "modesetting"
[  6803.939] (II) Unloading modesetting
[  6803.939] (II) UnloadModule: "fbdev"
[  6803.939] (II) Unloading fbdev
[  6803.939] (II) UnloadSubModule: "fbdevhw"
[  6803.939] (II) Unloading fbdevhw
[  6803.939] (II) UnloadModule: "vesa"
[  6803.939] (II) Unloading vesa
[  6803.939] (II) vmware(0): Initialized VMWARE_CTRL extension version 0.2
[  6803.942] (WW) vmware(0): Failed to initialize Gallium3D Xa. No render acceleration available.
[  6803.942] (WW) vmware(0): Skipped initialization of direct rendering due to lack of render acceleration.
[  6803.942] (--) vmware(0): Render acceleration is disabled.
[  6803.942] (==) vmware(0): Rendercheck mode is disabled.
[  6803.942] (--) vmware(0): Direct rendering (DRI2 3D) is disabled.
[  6803.942] (--) vmware(0): Direct rendering (DRI3 3D) is disabled.
[  6803.942] (==) vmware(0): Backing store enabled
[  6803.942] (==) vmware(0): Silken mouse disabled
[  6803.943] (==) vmware(0): DPMS enabled
[  6803.943] (II) vmware(0): No 3D acceleration. Not setting up textured video.
[  6803.943] (WW) vmware(0): Disabling Xv because no adaptors could be initialized.
[  6803.943] (II) Initializing extension Generic Event Extension
[  6803.943] (II) Initializing extension SHAPE
[  6803.943] (II) Initializing extension MIT-SHM
[  6803.943] (II) Initializing extension XInputExtension
[  6803.943] (II) Initializing extension XTEST
[  6803.943] (II) Initializing extension BIG-REQUESTS
[  6803.943] (II) Initializing extension SYNC
[  6803.943] (II) Initializing extension XKEYBOARD
[  6803.943] (II) Initializing extension XC-MISC
[  6803.943] (II) Initializing extension SECURITY
[  6803.943] (II) Initializing extension XFIXES
[  6803.944] (II) Initializing extension RENDER
[  6803.944] (II) Initializing extension RANDR
[  6803.944] (II) Initializing extension COMPOSITE
[  6803.944] (II) Initializing extension DAMAGE
[  6803.944] (II) Initializing extension MIT-SCREEN-SAVER
[  6803.944] (II) Initializing extension DOUBLE-BUFFER
[  6803.944] (II) Initializing extension RECORD
[  6803.944] (II) Initializing extension DPMS
[  6803.944] (II) Initializing extension Present
[  6803.944] (II) Initializing extension DRI3
[  6803.944] (II) Initializing extension X-Resource
[  6803.944] (II) Initializing extension XVideo
[  6803.944] (II) Initializing extension XVideo-MotionCompensation
[  6803.944] (II) Initializing extension GLX
[  6803.944] (II) AIGLX: Screen 0 is not DRI2 capable
[  6803.957] (II) IGLX: Loaded and initialized swrast
[  6803.957] (II) GLX: Initialized DRISWRAST GL provider for screen 0
[  6803.957] (II) Initializing extension XFree86-VidModeExtension
[  6803.957] (II) Initializing extension XFree86-DGA
[  6803.957] (II) Initializing extension XFree86-DRI
[  6803.957] (II) Initializing extension DRI2
[  6803.963] (II) vmware(0): Setting screen physical size to 381 x 238
[  6804.084] (II) config/udev: Adding input device Power Button (/dev/input/event0)
[  6804.084] (**) Power Button: Applying InputClass "libinput keyboard catchall"
[  6804.084] (II) LoadModule: "libinput"
[  6804.084] (II) Loading /usr/lib/xorg/modules/input/libinput_drv.so
[  6804.086] (II) Module libinput: vendor="X.Org Foundation"
[  6804.086] 	compiled for 1.20.11, module version = 1.0.1
[  6804.086] 	Module class: X.Org XInput Driver
[  6804.086] 	ABI class: X.Org XInput driver, version 24.1
[  6804.086] (II) Using input driver 'libinput' for 'Power Button'
[  6804.087] (II) systemd-logind: got fd for /dev/input/event0 13:64 fd 13 paused 0
[  6804.087] (**) Power Button: always reports core events
[  6804.087] (**) Option "Device" "/dev/input/event0"
[  6804.087] (**) Option "_source" "server/udev"
[  6804.090] (II) event0  - Power Button: is tagged by udev as: Keyboard
[  6804.090] (II) event0  - Power Button: device is a keyboard
[  6804.091] (II) event0  - Power Button: device removed
[  6804.091] (**) Option "config_info" "udev:/sys/devices/LNXSYSTM:00/LNXPWRBN:00/input/input0/event0"
[  6804.091] (II) XINPUT: Adding extended input device "Power Button" (type: KEYBOARD, id 6)
[  6804.092] (II) event0  - Power Button: is tagged by udev as: Keyboard
[  6804.092] (II) event0  - Power Button: device is a keyboard
[  6804.093] (II) config/udev: Adding input device Sleep Button (/dev/input/event1)
[  6804.093] (**) Sleep Button: Applying InputClass "libinput keyboard catchall"
[  6804.093] (II) Using input driver 'libinput' for 'Sleep Button'
[  6804.094] (II) systemd-logind: got fd for /dev/input/event1 13:65 fd 16 paused 0
[  6804.094] (**) Sleep Button: always reports core events
[  6804.094] (**) Option "Device" "/dev/input/event1"
[  6804.094] (**) Option "_source" "server/udev"
[  6804.095] (II) event1  - Sleep Button: is tagged by udev as: Keyboard
[  6804.096] (II) event1  - Sleep Button: device is a keyboard
[  6804.096] (II) event1  - Sleep Button: device removed
[  6804.096] (**) Option "config_info" "udev:/sys/devices/LNXSYSTM:00/LNXSLPBN:00/input/input1/event1"
[  6804.096] (II) XINPUT: Adding extended input device "Sleep Button" (type: KEYBOARD, id 7)
[  6804.097] (II) event1  - Sleep Button: is tagged by udev as: Keyboard
[  6804.097] (II) event1  - Sleep Button: device is a keyboard
[  6804.098] (II) config/udev: Adding input device Video Bus (/dev/input/event4)
[  6804.098] (**) Video Bus: Applying InputClass "libinput keyboard catchall"
[  6804.098] (II) Using input driver 'libinput' for 'Video Bus'
[  6804.099] (II) systemd-logind: got fd for /dev/input/event4 13:68 fd 17 paused 0
[  6804.099] (**) Video Bus: always reports core events
[  6804.099] (**) Option "Device" "/dev/input/event4"
[  6804.100] (**) Option "_source" "server/udev"
[  6804.101] (II) event4  - Video Bus: is tagged by udev as: Keyboard
[  6804.101] (II) event4  - Video Bus: device is a keyboard
[  6804.101] (II) event4  - Video Bus: device removed
[  6804.101] (**) Option "config_info" "udev:/sys/devices/LNXSYSTM:00/LNXSYBUS:00/PNP0A03:00/LNXVIDEO:00/input/input5/event4"
[  6804.102] (II) XINPUT: Adding extended input device "Video Bus" (type: KEYBOARD, id 8)
[  6804.104] (II) event4  - Video Bus: is tagged by udev as: Keyboard
[  6804.104] (II) event4  - Video Bus: device is a keyboard
[  6804.106] (II) config/udev: Adding input device VirtualBox mouse integration (/dev/input/event6)
[  6804.106] (**) VirtualBox mouse integration: Applying InputClass "libinput pointer catchall"
[  6804.106] (II) Using input driver 'libinput' for 'VirtualBox mouse integration'
[  6804.107] (II) systemd-logind: got fd for /dev/input/event6 13:70 fd 18 paused 0
[  6804.107] (**) VirtualBox mouse integration: always reports core events
[  6804.107] (**) Option "Device" "/dev/input/event6"
[  6804.107] (**) Option "_source" "server/udev"
[  6804.108] (II) event6  - VirtualBox mouse integration: is tagged by udev as: Mouse
[  6804.108] (II) event6  - VirtualBox mouse integration: device is a pointer
[  6804.108] (II) event6  - VirtualBox mouse integration: device removed
[  6804.108] (**) Option "config_info" "udev:/sys/devices/pci0000:00/0000:00:04.0/input/input7/event6"
[  6804.108] (II) XINPUT: Adding extended input device "VirtualBox mouse integration" (type: MOUSE, id 9)
[  6804.109] (**) Option "AccelerationScheme" "none"
[  6804.109] (**) VirtualBox mouse integration: (accel) selected scheme none/0
[  6804.109] (**) VirtualBox mouse integration: (accel) acceleration factor: 2.000
[  6804.109] (**) VirtualBox mouse integration: (accel) acceleration threshold: 4
[  6804.110] (II) event6  - VirtualBox mouse integration: is tagged by udev as: Mouse
[  6804.110] (II) event6  - VirtualBox mouse integration: device is a pointer
[  6804.111] (II) config/udev: Adding input device VirtualBox mouse integration (/dev/input/js1)
[  6804.111] (II) No input driver specified, ignoring this device.
[  6804.111] (II) This device may have been added with another device file.
[  6804.112] (II) config/udev: Adding input device VirtualBox mouse integration (/dev/input/mouse1)
[  6804.112] (II) No input driver specified, ignoring this device.
[  6804.112] (II) This device may have been added with another device file.
[  6804.113] (II) config/udev: Adding input device AT Translated Set 2 keyboard (/dev/input/event3)
[  6804.113] (**) AT Translated Set 2 keyboard: Applying InputClass "libinput keyboard catchall"
[  6804.113] (II) Using input driver 'libinput' for 'AT Translated Set 2 keyboard'
[  6804.114] (II) systemd-logind: got fd for /dev/input/event3 13:67 fd 19 paused 0
[  6804.114] (**) AT Translated Set 2 keyboard: always reports core events
[  6804.114] (**) Option "Device" "/dev/input/event3"
[  6804.114] (**) Option "_source" "server/udev"
[  6804.116] (II) event3  - AT Translated Set 2 keyboard: is tagged by udev as: Keyboard
[  6804.116] (II) event3  - AT Translated Set 2 keyboard: device is a keyboard
[  6804.117] (II) event3  - AT Translated Set 2 keyboard: device removed
[  6804.117] (**) Option "config_info" "udev:/sys/devices/platform/i8042/serio0/input/input3/event3"
[  6804.117] (II) XINPUT: Adding extended input device "AT Translated Set 2 keyboard" (type: KEYBOARD, id 10)
[  6804.118] (II) event3  - AT Translated Set 2 keyboard: is tagged by udev as: Keyboard
[  6804.118] (II) event3  - AT Translated Set 2 keyboard: device is a keyboard
[  6804.120] (II) config/udev: Adding input device ImExPS/2 Generic Explorer Mouse (/dev/input/event7)
[  6804.120] (**) ImExPS/2 Generic Explorer Mouse: Applying InputClass "libinput pointer catchall"
[  6804.120] (II) Using input driver 'libinput' for 'ImExPS/2 Generic Explorer Mouse'
[  6804.121] (II) systemd-logind: got fd for /dev/input/event7 13:71 fd 20 paused 0
[  6804.121] (**) ImExPS/2 Generic Explorer Mouse: always reports core events
[  6804.121] (**) Option "Device" "/dev/input/event7"
[  6804.121] (**) Option "_source" "server/udev"
[  6804.123] (II) event7  - ImExPS/2 Generic Explorer Mouse: is tagged by udev as: Mouse
[  6804.123] (II) event7  - ImExPS/2 Generic Explorer Mouse: device is a pointer
[  6804.123] (II) event7  - ImExPS/2 Generic Explorer Mouse: device removed
[  6804.123] (**) Option "config_info" "udev:/sys/devices/platform/i8042/serio1/input/input8/event7"
[  6804.124] (II) XINPUT: Adding extended input device "ImExPS/2 Generic Explorer Mouse" (type: MOUSE, id 11)
[  6804.124] (**) Option "AccelerationScheme" "none"
[  6804.124] (**) ImExPS/2 Generic Explorer Mouse: (accel) selected scheme none/0
[  6804.124] (**) ImExPS/2 Generic Explorer Mouse: (accel) acceleration factor: 2.000
[  6804.124] (**) ImExPS/2 Generic Explorer Mouse: (accel) acceleration threshold: 4
[  6804.125] (II) event7  - ImExPS/2 Generic Explorer Mouse: is tagged by udev as: Mouse
[  6804.125] (II) event7  - ImExPS/2 Generic Explorer Mouse: device is a pointer
[  6804.127] (II) config/udev: Adding input device ImExPS/2 Generic Explorer Mouse (/dev/input/mouse2)
[  6804.127] (II) No input driver specified, ignoring this device.
[  6804.127] (II) This device may have been added with another device file.
[  6804.128] (II) config/udev: Adding input device PC Speaker (/dev/input/event5)
[  6804.128] (II) No input driver specified, ignoring this device.
[  6804.128] (II) This device may have been added with another device file.
[  7124.620] (EE) event6  - VirtualBox mouse integration: client bug: event processing lagging behind by 23ms, your system is too slow
[  7154.660] (EE) event6  - VirtualBox mouse integration: client bug: event processing lagging behind by 15ms, your system is too slow
[  7926.615] (EE) event3  - AT Translated Set 2 keyboard: client bug: event processing lagging behind by 11ms, your system is too slow
[  7937.263] (EE) event3  - AT Translated Set 2 keyboard: client bug: event processing lagging behind by 16ms, your system is too slow
[  8108.403] (**) Option "fd" "13"
[  8108.403] (II) event0  - Power Button: device removed
[  8108.404] (**) Option "fd" "16"
[  8108.404] (II) event1  - Sleep Button: device removed
[  8108.404] (**) Option "fd" "17"
[  8108.405] (II) event4  - Video Bus: device removed
[  8108.405] (**) Option "fd" "18"
[  8108.405] (II) event6  - VirtualBox mouse integration: device removed
[  8108.405] (**) Option "fd" "19"
[  8108.405] (II) event3  - AT Translated Set 2 keyboard: device removed
[  8108.405] (**) Option "fd" "20"
[  8108.405] (II) event7  - ImExPS/2 Generic Explorer Mouse: device removed
[  8108.452] (II) UnloadModule: "libinput"
[  8108.455] (II) systemd-logind: releasing fd for 13:71
[  8108.537] (II) UnloadModule: "libinput"
[  8108.537] (II) systemd-logind: releasing fd for 13:67
[  8108.546] (II) UnloadModule: "libinput"
[  8108.546] (II) systemd-logind: releasing fd for 13:70
[  8108.550] (II) UnloadModule: "libinput"
[  8108.550] (II) systemd-logind: releasing fd for 13:68
[  8108.558] (II) UnloadModule: "libinput"
[  8108.558] (II) systemd-logind: releasing fd for 13:65
[  8108.564] (II) UnloadModule: "libinput"
[  8108.564] (II) systemd-logind: releasing fd for 13:64
[  8108.592] (WW) xf86CloseConsole: KDSETMODE failed: Input/output error
[  8108.592] (WW) xf86CloseConsole: VT_GETMODE failed: Input/output error
[  8108.592] (WW) xf86CloseConsole: VT_ACTIVATE failed: Input/output error
[  8108.596] (II) Server terminated successfully (0). Closing log file.
